mingw32-make: Entering directory 'C:/Users/TRISTA~1/DOCUME~1/GitHub/OMPython/OMPython'
clang  -Os -Wno-parentheses-equality -falign-functions -mstackrealign -msse2 -mfpmath=sse     -I"C:/OpenModelica/include/omc/c" -I"C:/OpenModelica/include/omc" -I. -DOPENMODELICA_XML_FROM_FILE_AT_RUNTIME -DOMC_MODEL_PREFIX=oc_latch -DOMC_NUM_MIXED_SYSTEMS=0 -DOMC_NUM_LINEAR_SYSTEMS=4 -DOMC_NUM_NONLINEAR_SYSTEMS=0 -DOMC_NDELAY_EXPRESSIONS=0 -DOMC_NVAR_STRING=0  -c -o oc_latch.o oc_latch.c
clang  -Os -Wno-parentheses-equality -falign-functions -mstackrealign -msse2 -mfpmath=sse     -I"C:/OpenModelica/include/omc/c" -I"C:/OpenModelica/include/omc" -I. -DOPENMODELICA_XML_FROM_FILE_AT_RUNTIME -DOMC_MODEL_PREFIX=oc_latch -DOMC_NUM_MIXED_SYSTEMS=0 -DOMC_NUM_LINEAR_SYSTEMS=4 -DOMC_NUM_NONLINEAR_SYSTEMS=0 -DOMC_NDELAY_EXPRESSIONS=0 -DOMC_NVAR_STRING=0  -c -o oc_latch_functions.o oc_latch_functions.c
clang  -Os -Wno-parentheses-equality -falign-functions -mstackrealign -msse2 -mfpmath=sse     -I"C:/OpenModelica/include/omc/c" -I"C:/OpenModelica/include/omc" -I. -DOPENMODELICA_XML_FROM_FILE_AT_RUNTIME -DOMC_MODEL_PREFIX=oc_latch -DOMC_NUM_MIXED_SYSTEMS=0 -DOMC_NUM_LINEAR_SYSTEMS=4 -DOMC_NUM_NONLINEAR_SYSTEMS=0 -DOMC_NDELAY_EXPRESSIONS=0 -DOMC_NVAR_STRING=0  -c -o oc_latch_records.o oc_latch_records.c
clang  -Os -Wno-parentheses-equality -falign-functions -mstackrealign -msse2 -mfpmath=sse     -I"C:/OpenModelica/include/omc/c" -I"C:/OpenModelica/include/omc" -I. -DOPENMODELICA_XML_FROM_FILE_AT_RUNTIME -DOMC_MODEL_PREFIX=oc_latch -DOMC_NUM_MIXED_SYSTEMS=0 -DOMC_NUM_LINEAR_SYSTEMS=4 -DOMC_NUM_NONLINEAR_SYSTEMS=0 -DOMC_NDELAY_EXPRESSIONS=0 -DOMC_NVAR_STRING=0  -c -o oc_latch_01exo.o oc_latch_01exo.c
clang  -Os -Wno-parentheses-equality -falign-functions -mstackrealign -msse2 -mfpmath=sse     -I"C:/OpenModelica/include/omc/c" -I"C:/OpenModelica/include/omc" -I. -DOPENMODELICA_XML_FROM_FILE_AT_RUNTIME -DOMC_MODEL_PREFIX=oc_latch -DOMC_NUM_MIXED_SYSTEMS=0 -DOMC_NUM_LINEAR_SYSTEMS=4 -DOMC_NUM_NONLINEAR_SYSTEMS=0 -DOMC_NDELAY_EXPRESSIONS=0 -DOMC_NVAR_STRING=0  -c -o oc_latch_02nls.o oc_latch_02nls.c
clang  -Os -Wno-parentheses-equality -falign-functions -mstackrealign -msse2 -mfpmath=sse     -I"C:/OpenModelica/include/omc/c" -I"C:/OpenModelica/include/omc" -I. -DOPENMODELICA_XML_FROM_FILE_AT_RUNTIME -DOMC_MODEL_PREFIX=oc_latch -DOMC_NUM_MIXED_SYSTEMS=0 -DOMC_NUM_LINEAR_SYSTEMS=4 -DOMC_NUM_NONLINEAR_SYSTEMS=0 -DOMC_NDELAY_EXPRESSIONS=0 -DOMC_NVAR_STRING=0  -c -o oc_latch_03lsy.o oc_latch_03lsy.c
clang  -Os -Wno-parentheses-equality -falign-functions -mstackrealign -msse2 -mfpmath=sse     -I"C:/OpenModelica/include/omc/c" -I"C:/OpenModelica/include/omc" -I. -DOPENMODELICA_XML_FROM_FILE_AT_RUNTIME -DOMC_MODEL_PREFIX=oc_latch -DOMC_NUM_MIXED_SYSTEMS=0 -DOMC_NUM_LINEAR_SYSTEMS=4 -DOMC_NUM_NONLINEAR_SYSTEMS=0 -DOMC_NDELAY_EXPRESSIONS=0 -DOMC_NVAR_STRING=0  -c -o oc_latch_04set.o oc_latch_04set.c
clang  -Os -Wno-parentheses-equality -falign-functions -mstackrealign -msse2 -mfpmath=sse     -I"C:/OpenModelica/include/omc/c" -I"C:/OpenModelica/include/omc" -I. -DOPENMODELICA_XML_FROM_FILE_AT_RUNTIME -DOMC_MODEL_PREFIX=oc_latch -DOMC_NUM_MIXED_SYSTEMS=0 -DOMC_NUM_LINEAR_SYSTEMS=4 -DOMC_NUM_NONLINEAR_SYSTEMS=0 -DOMC_NDELAY_EXPRESSIONS=0 -DOMC_NVAR_STRING=0  -c -o oc_latch_05evt.o oc_latch_05evt.c
clang  -Os -Wno-parentheses-equality -falign-functions -mstackrealign -msse2 -mfpmath=sse     -I"C:/OpenModelica/include/omc/c" -I"C:/OpenModelica/include/omc" -I. -DOPENMODELICA_XML_FROM_FILE_AT_RUNTIME -DOMC_MODEL_PREFIX=oc_latch -DOMC_NUM_MIXED_SYSTEMS=0 -DOMC_NUM_LINEAR_SYSTEMS=4 -DOMC_NUM_NONLINEAR_SYSTEMS=0 -DOMC_NDELAY_EXPRESSIONS=0 -DOMC_NVAR_STRING=0  -c -o oc_latch_06inz.o oc_latch_06inz.c
clang  -Os -Wno-parentheses-equality -falign-functions -mstackrealign -msse2 -mfpmath=sse     -I"C:/OpenModelica/include/omc/c" -I"C:/OpenModelica/include/omc" -I. -DOPENMODELICA_XML_FROM_FILE_AT_RUNTIME -DOMC_MODEL_PREFIX=oc_latch -DOMC_NUM_MIXED_SYSTEMS=0 -DOMC_NUM_LINEAR_SYSTEMS=4 -DOMC_NUM_NONLINEAR_SYSTEMS=0 -DOMC_NDELAY_EXPRESSIONS=0 -DOMC_NVAR_STRING=0  -c -o oc_latch_07dly.o oc_latch_07dly.c
clang  -Os -Wno-parentheses-equality -falign-functions -mstackrealign -msse2 -mfpmath=sse     -I"C:/OpenModelica/include/omc/c" -I"C:/OpenModelica/include/omc" -I. -DOPENMODELICA_XML_FROM_FILE_AT_RUNTIME -DOMC_MODEL_PREFIX=oc_latch -DOMC_NUM_MIXED_SYSTEMS=0 -DOMC_NUM_LINEAR_SYSTEMS=4 -DOMC_NUM_NONLINEAR_SYSTEMS=0 -DOMC_NDELAY_EXPRESSIONS=0 -DOMC_NVAR_STRING=0  -c -o oc_latch_08bnd.o oc_latch_08bnd.c
clang  -Os -Wno-parentheses-equality -falign-functions -mstackrealign -msse2 -mfpmath=sse     -I"C:/OpenModelica/include/omc/c" -I"C:/OpenModelica/include/omc" -I. -DOPENMODELICA_XML_FROM_FILE_AT_RUNTIME -DOMC_MODEL_PREFIX=oc_latch -DOMC_NUM_MIXED_SYSTEMS=0 -DOMC_NUM_LINEAR_SYSTEMS=4 -DOMC_NUM_NONLINEAR_SYSTEMS=0 -DOMC_NDELAY_EXPRESSIONS=0 -DOMC_NVAR_STRING=0  -c -o oc_latch_09alg.o oc_latch_09alg.c
clang  -Os -Wno-parentheses-equality -falign-functions -mstackrealign -msse2 -mfpmath=sse     -I"C:/OpenModelica/include/omc/c" -I"C:/OpenModelica/include/omc" -I. -DOPENMODELICA_XML_FROM_FILE_AT_RUNTIME -DOMC_MODEL_PREFIX=oc_latch -DOMC_NUM_MIXED_SYSTEMS=0 -DOMC_NUM_LINEAR_SYSTEMS=4 -DOMC_NUM_NONLINEAR_SYSTEMS=0 -DOMC_NDELAY_EXPRESSIONS=0 -DOMC_NVAR_STRING=0  -c -o oc_latch_10asr.o oc_latch_10asr.c
clang  -Os -Wno-parentheses-equality -falign-functions -mstackrealign -msse2 -mfpmath=sse     -I"C:/OpenModelica/include/omc/c" -I"C:/OpenModelica/include/omc" -I. -DOPENMODELICA_XML_FROM_FILE_AT_RUNTIME -DOMC_MODEL_PREFIX=oc_latch -DOMC_NUM_MIXED_SYSTEMS=0 -DOMC_NUM_LINEAR_SYSTEMS=4 -DOMC_NUM_NONLINEAR_SYSTEMS=0 -DOMC_NDELAY_EXPRESSIONS=0 -DOMC_NVAR_STRING=0  -c -o oc_latch_11mix.o oc_latch_11mix.c
clang  -Os -Wno-parentheses-equality -falign-functions -mstackrealign -msse2 -mfpmath=sse     -I"C:/OpenModelica/include/omc/c" -I"C:/OpenModelica/include/omc" -I. -DOPENMODELICA_XML_FROM_FILE_AT_RUNTIME -DOMC_MODEL_PREFIX=oc_latch -DOMC_NUM_MIXED_SYSTEMS=0 -DOMC_NUM_LINEAR_SYSTEMS=4 -DOMC_NUM_NONLINEAR_SYSTEMS=0 -DOMC_NDELAY_EXPRESSIONS=0 -DOMC_NVAR_STRING=0  -c -o oc_latch_12jac.o oc_latch_12jac.c
clang  -Os -Wno-parentheses-equality -falign-functions -mstackrealign -msse2 -mfpmath=sse     -I"C:/OpenModelica/include/omc/c" -I"C:/OpenModelica/include/omc" -I. -DOPENMODELICA_XML_FROM_FILE_AT_RUNTIME -DOMC_MODEL_PREFIX=oc_latch -DOMC_NUM_MIXED_SYSTEMS=0 -DOMC_NUM_LINEAR_SYSTEMS=4 -DOMC_NUM_NONLINEAR_SYSTEMS=0 -DOMC_NDELAY_EXPRESSIONS=0 -DOMC_NVAR_STRING=0  -c -o oc_latch_13opt.o oc_latch_13opt.c
clang  -Os -Wno-parentheses-equality -falign-functions -mstackrealign -msse2 -mfpmath=sse     -I"C:/OpenModelica/include/omc/c" -I"C:/OpenModelica/include/omc" -I. -DOPENMODELICA_XML_FROM_FILE_AT_RUNTIME -DOMC_MODEL_PREFIX=oc_latch -DOMC_NUM_MIXED_SYSTEMS=0 -DOMC_NUM_LINEAR_SYSTEMS=4 -DOMC_NUM_NONLINEAR_SYSTEMS=0 -DOMC_NDELAY_EXPRESSIONS=0 -DOMC_NVAR_STRING=0  -c -o oc_latch_14lnz.o oc_latch_14lnz.c
clang  -Os -Wno-parentheses-equality -falign-functions -mstackrealign -msse2 -mfpmath=sse     -I"C:/OpenModelica/include/omc/c" -I"C:/OpenModelica/include/omc" -I. -DOPENMODELICA_XML_FROM_FILE_AT_RUNTIME -DOMC_MODEL_PREFIX=oc_latch -DOMC_NUM_MIXED_SYSTEMS=0 -DOMC_NUM_LINEAR_SYSTEMS=4 -DOMC_NUM_NONLINEAR_SYSTEMS=0 -DOMC_NDELAY_EXPRESSIONS=0 -DOMC_NVAR_STRING=0  -c -o oc_latch_15syn.o oc_latch_15syn.c
clang  -Os -Wno-parentheses-equality -falign-functions -mstackrealign -msse2 -mfpmath=sse     -I"C:/OpenModelica/include/omc/c" -I"C:/OpenModelica/include/omc" -I. -DOPENMODELICA_XML_FROM_FILE_AT_RUNTIME -DOMC_MODEL_PREFIX=oc_latch -DOMC_NUM_MIXED_SYSTEMS=0 -DOMC_NUM_LINEAR_SYSTEMS=4 -DOMC_NUM_NONLINEAR_SYSTEMS=0 -DOMC_NDELAY_EXPRESSIONS=0 -DOMC_NVAR_STRING=0  -c -o oc_latch_16dae.o oc_latch_16dae.c
clang  -Os -Wno-parentheses-equality -falign-functions -mstackrealign -msse2 -mfpmath=sse     -I"C:/OpenModelica/include/omc/c" -I"C:/OpenModelica/include/omc" -I. -DOPENMODELICA_XML_FROM_FILE_AT_RUNTIME -DOMC_MODEL_PREFIX=oc_latch -DOMC_NUM_MIXED_SYSTEMS=0 -DOMC_NUM_LINEAR_SYSTEMS=4 -DOMC_NUM_NONLINEAR_SYSTEMS=0 -DOMC_NDELAY_EXPRESSIONS=0 -DOMC_NVAR_STRING=0  -c -o oc_latch_17inl.o oc_latch_17inl.c
clang  -Os -Wno-parentheses-equality -falign-functions -mstackrealign -msse2 -mfpmath=sse     -I"C:/OpenModelica/include/omc/c" -I"C:/OpenModelica/include/omc" -I. -DOPENMODELICA_XML_FROM_FILE_AT_RUNTIME -DOMC_MODEL_PREFIX=oc_latch -DOMC_NUM_MIXED_SYSTEMS=0 -DOMC_NUM_LINEAR_SYSTEMS=4 -DOMC_NUM_NONLINEAR_SYSTEMS=0 -DOMC_NDELAY_EXPRESSIONS=0 -DOMC_NVAR_STRING=0  -c -o oc_latch_18spd.o oc_latch_18spd.c
clang -I. -o oc_latch.exe oc_latch.o oc_latch_functions.o oc_latch_records.o oc_latch_01exo.o oc_latch_02nls.o oc_latch_03lsy.o oc_latch_04set.o oc_latch_05evt.o oc_latch_06inz.o oc_latch_07dly.o oc_latch_08bnd.o oc_latch_09alg.o oc_latch_10asr.o oc_latch_11mix.o oc_latch_12jac.o oc_latch_13opt.o oc_latch_14lnz.o oc_latch_15syn.o oc_latch_16dae.o oc_latch_17inl.o oc_latch_18spd.o -I"C:/OpenModelica/include/omc/c" -I"C:/OpenModelica/include/omc" -I. -DOPENMODELICA_XML_FROM_FILE_AT_RUNTIME -DOMC_MODEL_PREFIX=oc_latch -DOMC_NUM_MIXED_SYSTEMS=0 -DOMC_NUM_LINEAR_SYSTEMS=4 -DOMC_NUM_NONLINEAR_SYSTEMS=0 -DOMC_NDELAY_EXPRESSIONS=0 -DOMC_NVAR_STRING=0 -L"C:/Users/Trista Arinomo/Desktop"  "-LC:/OpenModelica/bin/" "-LC:/OpenModelica/lib//omc" "-LC:/OpenModelica/lib/" "-LC:/Users/Trista Arinomo/AppData/Roaming/.openmodelica/binaries/Modelica" "-LC:/OpenModelica/lib/omlibrary/Modelica 4.0.0/Resources/Library/mingw64" "-LC:/OpenModelica/lib/omlibrary/Modelica 4.0.0/Resources/Library/win64" "-LC:/OpenModelica/lib/omlibrary/Modelica 4.0.0/Resources/Library" -lModelicaStandardTables -lModelicaIO -lModelicaMatIO -lzlib  -Os -Wno-parentheses-equality -falign-functions -mstackrealign -msse2 -mfpmath=sse     -I"C:/OpenModelica/include/omc/c" -I"C:/OpenModelica/include/omc" -I. -DOPENMODELICA_XML_FROM_FILE_AT_RUNTIME -DOMC_MODEL_PREFIX=oc_latch -DOMC_NUM_MIXED_SYSTEMS=0 -DOMC_NUM_LINEAR_SYSTEMS=4 -DOMC_NUM_NONLINEAR_SYSTEMS=0 -DOMC_NDELAY_EXPRESSIONS=0 -DOMC_NVAR_STRING=0 -L"C:/OpenModelica/lib//omc" -L"C:/OpenModelica/lib" -Wl,--stack,16777216,-rpath,"C:/OpenModelica/lib//omc" -L"C:/OpenModelica/bin" -Wl,-rpath,"C:/OpenModelica/lib"  -fopenmp -Wl,-Bstatic -lregex -ltre -lintl -liconv -lexpat -lomcgc -lpthread -loleaut32 -limagehlp -lhdf5 -lz -lszip -Wl,-Bdynamic -Wl,-Bstatic -lSimulationRuntimeC -Wl,-Bdynamic  -Wl,-Bstatic -lomcgc -lregex -ltre -lintl -liconv -lexpat -static-libgcc -luuid -loleaut32 -lole32 -limagehlp -lws2_32 -llis -lsundials_nvecserial -lsundials_sunmatrixdense -lsundials_sunmatrixsparse -lsundials_sunlinsoldense -lsundials_sunlinsolklu -lsundials_sunlinsollapackdense -lsundials_sunlinsolspbcgs -lsundials_sunlinsolspfgmr -lsundials_sunlinsolspgmr -lsundials_sunlinsolsptfqmr -lsundials_sunnonlinsolnewton -lsundials_cvode -lsundials_cvodes -lsundials_idas -lsundials_kinsol -lumfpack -lklu -lcolamd -lbtf -lamd -lsuitesparseconfig -lipopt -lcoinmumps -lpthread -lm  -lgfortran -lquadmath -lmingw32 -lgcc_eh -lmoldname -lmingwex  -luser32 -lkernel32 -ladvapi32 -lshell32 -lopenblas -lcminpack -Wl,-Bdynamic -lwsock32  -Wl,-Bstatic  -lstdc++ -Wl,-Bdynamic  
C:\OPENMO~1\tools\msys\mingw64\lib\gcc\x86_64-w64-mingw32\10.2.0\libstdc++.a(eh_alloc.o): duplicate section `.rdata$_ZTSSt9exception[_ZTSSt9exception]' has different size
C:\OPENMO~1\tools\msys\mingw64\lib\gcc\x86_64-w64-mingw32\10.2.0\libstdc++.a(eh_aux_runtime.o): duplicate section `.rdata$_ZTSSt9exception[_ZTSSt9exception]' has different size
C:\OPENMO~1\tools\msys\mingw64\lib\gcc\x86_64-w64-mingw32\10.2.0\libstdc++.a(eh_aux_runtime.o): duplicate section `.rdata$_ZTSSt9bad_alloc[_ZTSSt9bad_alloc]' has different size
C:\OPENMO~1\tools\msys\mingw64\lib\gcc\x86_64-w64-mingw32\10.2.0\libstdc++.a(eh_aux_runtime.o): duplicate section `.rdata$_ZTISt9bad_alloc[_ZTISt9bad_alloc]' has different size
C:\OPENMO~1\tools\msys\mingw64\lib\gcc\x86_64-w64-mingw32\10.2.0\libstdc++.a(eh_exception.o): duplicate section `.rdata$_ZTSSt9exception[_ZTSSt9exception]' has different size
C:\OPENMO~1\tools\msys\mingw64\lib\gcc\x86_64-w64-mingw32\10.2.0\libstdc++.a(eh_personality.o): duplicate section `.rdata$_ZTSSt9exception[_ZTSSt9exception]' has different size
C:\OPENMO~1\tools\msys\mingw64\lib\gcc\x86_64-w64-mingw32\10.2.0\libstdc++.a(guard.o): duplicate section `.rdata$_ZTSSt9exception[_ZTSSt9exception]' has different size
C:\OPENMO~1\tools\msys\mingw64\lib\gcc\x86_64-w64-mingw32\10.2.0\libstdc++.a(new_op.o): duplicate section `.rdata$_ZTSSt9exception[_ZTSSt9exception]' has different size
C:\OPENMO~1\tools\msys\mingw64\lib\gcc\x86_64-w64-mingw32\10.2.0\libstdc++.a(new_op.o): duplicate section `.rdata$_ZTSSt9bad_alloc[_ZTSSt9bad_alloc]' has different size
C:\OPENMO~1\tools\msys\mingw64\lib\gcc\x86_64-w64-mingw32\10.2.0\libstdc++.a(new_op.o): duplicate section `.rdata$_ZTISt9bad_alloc[_ZTISt9bad_alloc]' has different size
C:\OPENMO~1\tools\msys\mingw64\lib\gcc\x86_64-w64-mingw32\10.2.0\libstdc++.a(vterminate.o): duplicate section `.rdata$_ZTSSt9exception[_ZTSSt9exception]' has different size
C:\OPENMO~1\tools\msys\mingw64\lib\gcc\x86_64-w64-mingw32\10.2.0\libstdc++.a(locale.o): duplicate section `.rdata$_ZTSSt9exception[_ZTSSt9exception]' has different size
C:\OPENMO~1\tools\msys\mingw64\lib\gcc\x86_64-w64-mingw32\10.2.0\libstdc++.a(locale.o): duplicate section `.rdata$_ZTSNSt6locale5facetE[_ZTSNSt6locale5facetE]' has different size
C:\OPENMO~1\tools\msys\mingw64\lib\gcc\x86_64-w64-mingw32\10.2.0\libstdc++.a(locale_init.o): duplicate section `.rdata$_ZTSSt9exception[_ZTSSt9exception]' has different size
C:\OPENMO~1\tools\msys\mingw64\lib\gcc\x86_64-w64-mingw32\10.2.0\libstdc++.a(monetary_members_cow.o): duplicate section `.rdata$_ZTSNSt6locale5facetE[_ZTSNSt6locale5facetE]' has different size
C:\OPENMO~1\tools\msys\mingw64\lib\gcc\x86_64-w64-mingw32\10.2.0\libstdc++.a(numeric_members_cow.o): duplicate section `.rdata$_ZTSNSt6locale5facetE[_ZTSNSt6locale5facetE]' has different size
C:\OPENMO~1\tools\msys\mingw64\lib\gcc\x86_64-w64-mingw32\10.2.0\libstdc++.a(lt1-codecvt.o): duplicate section `.rdata$_ZTSNSt6locale5facetE[_ZTSNSt6locale5facetE]' has different size
C:\OPENMO~1\tools\msys\mingw64\lib\gcc\x86_64-w64-mingw32\10.2.0\libstdc++.a(cow-shim_facets.o): duplicate section `.rdata$_ZTSNSt6locale5facetE[_ZTSNSt6locale5facetE]' has different size
C:\OPENMO~1\tools\msys\mingw64\lib\gcc\x86_64-w64-mingw32\10.2.0\libstdc++.a(ctype.o): duplicate section `.rdata$_ZTSSt10ctype_base[_ZTSSt10ctype_base]' has different size
C:\OPENMO~1\tools\msys\mingw64\lib\gcc\x86_64-w64-mingw32\10.2.0\libstdc++.a(ctype.o): duplicate section `.rdata$_ZTSNSt6locale5facetE[_ZTSNSt6locale5facetE]' has different size
C:\OPENMO~1\tools\msys\mingw64\lib\gcc\x86_64-w64-mingw32\10.2.0\libstdc++.a(ctype.o): duplicate section `.rdata$_ZTSSt5ctypeIcE[_ZTSSt5ctypeIcE]' has different size
C:\OPENMO~1\tools\msys\mingw64\lib\gcc\x86_64-w64-mingw32\10.2.0\libstdc++.a(ctype.o): duplicate section `.rdata$_ZTISt5ctypeIcE[_ZTISt5ctypeIcE]' has different size
C:\OPENMO~1\tools\msys\mingw64\lib\gcc\x86_64-w64-mingw32\10.2.0\libstdc++.a(ctype_members.o): duplicate section `.rdata$_ZTSSt10ctype_base[_ZTSSt10ctype_base]' has different size
C:\OPENMO~1\tools\msys\mingw64\lib\gcc\x86_64-w64-mingw32\10.2.0\libstdc++.a(ctype_members.o): duplicate section `.rdata$_ZTSNSt6locale5facetE[_ZTSNSt6locale5facetE]' has different size
C:\OPENMO~1\tools\msys\mingw64\lib\gcc\x86_64-w64-mingw32\10.2.0\libstdc++.a(ctype_members.o): duplicate section `.rdata$_ZTSSt5ctypeIcE[_ZTSSt5ctypeIcE]' has different size
C:\OPENMO~1\tools\msys\mingw64\lib\gcc\x86_64-w64-mingw32\10.2.0\libstdc++.a(ctype_members.o): duplicate section `.rdata$_ZTISt5ctypeIcE[_ZTISt5ctypeIcE]' has different size
C:\OPENMO~1\tools\msys\mingw64\lib\gcc\x86_64-w64-mingw32\10.2.0\libstdc++.a(cxx11-locale-inst.o): duplicate section `.rdata$_ZTSNSt6locale5facetE[_ZTSNSt6locale5facetE]' has different size
C:\OPENMO~1\tools\msys\mingw64\lib\gcc\x86_64-w64-mingw32\10.2.0\libstdc++.a(cxx11-shim_facets.o): duplicate section `.rdata$_ZTSNSt6locale5facetE[_ZTSNSt6locale5facetE]' has different size
C:\OPENMO~1\tools\msys\mingw64\lib\gcc\x86_64-w64-mingw32\10.2.0\libstdc++.a(cxx11-wlocale-inst.o): duplicate section `.rdata$_ZTSNSt6locale5facetE[_ZTSNSt6locale5facetE]' has different size
C:\OPENMO~1\tools\msys\mingw64\lib\gcc\x86_64-w64-mingw32\10.2.0\libstdc++.a(functexcept.o): duplicate section `.rdata$_ZTSSt9exception[_ZTSSt9exception]' has different size
C:\OPENMO~1\tools\msys\mingw64\lib\gcc\x86_64-w64-mingw32\10.2.0\libstdc++.a(functexcept.o): duplicate section `.rdata$_ZTSSt9bad_alloc[_ZTSSt9bad_alloc]' has different size
C:\OPENMO~1\tools\msys\mingw64\lib\gcc\x86_64-w64-mingw32\10.2.0\libstdc++.a(functexcept.o): duplicate section `.rdata$_ZTISt9bad_alloc[_ZTISt9bad_alloc]' has different size
C:\OPENMO~1\tools\msys\mingw64\lib\gcc\x86_64-w64-mingw32\10.2.0\libstdc++.a(functexcept.o): duplicate section `.rdata$_ZTSSt13runtime_error[_ZTSSt13runtime_error]' has different size
C:\OPENMO~1\tools\msys\mingw64\lib\gcc\x86_64-w64-mingw32\10.2.0\libstdc++.a(functexcept.o): duplicate section `.rdata$_ZTISt13runtime_error[_ZTISt13runtime_error]' has different size
C:\OPENMO~1\tools\msys\mingw64\lib\gcc\x86_64-w64-mingw32\10.2.0\libstdc++.a(functional.o): duplicate section `.rdata$_ZTSSt9exception[_ZTSSt9exception]' has different size
C:\OPENMO~1\tools\msys\mingw64\lib\gcc\x86_64-w64-mingw32\10.2.0\libstdc++.a(locale-inst.o): duplicate section `.rdata$_ZTSSt10ctype_base[_ZTSSt10ctype_base]' has different size
C:\OPENMO~1\tools\msys\mingw64\lib\gcc\x86_64-w64-mingw32\10.2.0\libstdc++.a(locale-inst.o): duplicate section `.rdata$_ZTSNSt6locale5facetE[_ZTSNSt6locale5facetE]' has different size
C:\OPENMO~1\tools\msys\mingw64\lib\gcc\x86_64-w64-mingw32\10.2.0\libstdc++.a(locale-inst.o): duplicate section `.rdata$_ZTSSt5ctypeIcE[_ZTSSt5ctypeIcE]' has different size
C:\OPENMO~1\tools\msys\mingw64\lib\gcc\x86_64-w64-mingw32\10.2.0\libstdc++.a(locale-inst.o): duplicate section `.rdata$_ZTISt5ctypeIcE[_ZTISt5ctypeIcE]' has different size
C:\OPENMO~1\tools\msys\mingw64\lib\gcc\x86_64-w64-mingw32\10.2.0\libstdc++.a(regex.o): duplicate section `.rdata$_ZTSSt9exception[_ZTSSt9exception]' has different size
C:\OPENMO~1\tools\msys\mingw64\lib\gcc\x86_64-w64-mingw32\10.2.0\libstdc++.a(regex.o): duplicate section `.rdata$_ZTSSt13runtime_error[_ZTSSt13runtime_error]' has different size
C:\OPENMO~1\tools\msys\mingw64\lib\gcc\x86_64-w64-mingw32\10.2.0\libstdc++.a(regex.o): duplicate section `.rdata$_ZTISt13runtime_error[_ZTISt13runtime_error]' has different size
C:\OPENMO~1\tools\msys\mingw64\lib\gcc\x86_64-w64-mingw32\10.2.0\libstdc++.a(regex.o): duplicate section `.rdata$_ZTISt11regex_error[_ZTISt11regex_error]' has different size
C:\OPENMO~1\tools\msys\mingw64\lib\gcc\x86_64-w64-mingw32\10.2.0\libstdc++.a(wlocale-inst.o): duplicate section `.rdata$_ZTSSt10ctype_base[_ZTSSt10ctype_base]' has different size
C:\OPENMO~1\tools\msys\mingw64\lib\gcc\x86_64-w64-mingw32\10.2.0\libstdc++.a(wlocale-inst.o): duplicate section `.rdata$_ZTSNSt6locale5facetE[_ZTSNSt6locale5facetE]' has different size
C:\OPENMO~1\tools\msys\mingw64\lib\gcc\x86_64-w64-mingw32\10.2.0\libstdc++.a(bad_alloc.o): duplicate section `.rdata$_ZTSSt9exception[_ZTSSt9exception]' has different size
C:\OPENMO~1\tools\msys\mingw64\lib\gcc\x86_64-w64-mingw32\10.2.0\libstdc++.a(bad_alloc.o): duplicate section `.rdata$_ZTSSt9bad_alloc[_ZTSSt9bad_alloc]' has different size
C:\OPENMO~1\tools\msys\mingw64\lib\gcc\x86_64-w64-mingw32\10.2.0\libstdc++.a(bad_alloc.o): duplicate section `.rdata$_ZTISt9bad_alloc[_ZTISt9bad_alloc]' has different size
C:\OPENMO~1\tools\msys\mingw64\lib\gcc\x86_64-w64-mingw32\10.2.0\libstdc++.a(bad_array_new.o): duplicate section `.rdata$_ZTSSt9exception[_ZTSSt9exception]' has different size
C:\OPENMO~1\tools\msys\mingw64\lib\gcc\x86_64-w64-mingw32\10.2.0\libstdc++.a(bad_array_new.o): duplicate section `.rdata$_ZTSSt9bad_alloc[_ZTSSt9bad_alloc]' has different size
C:\OPENMO~1\tools\msys\mingw64\lib\gcc\x86_64-w64-mingw32\10.2.0\libstdc++.a(bad_array_new.o): duplicate section `.rdata$_ZTISt9bad_alloc[_ZTISt9bad_alloc]' has different size
C:\OPENMO~1\tools\msys\mingw64\lib\gcc\x86_64-w64-mingw32\10.2.0\libstdc++.a(bad_cast.o): duplicate section `.rdata$_ZTSSt9exception[_ZTSSt9exception]' has different size
C:\OPENMO~1\tools\msys\mingw64\lib\gcc\x86_64-w64-mingw32\10.2.0\libstdc++.a(bad_typeid.o): duplicate section `.rdata$_ZTSSt9exception[_ZTSSt9exception]' has different size
C:\OPENMO~1\tools\msys\mingw64\lib\gcc\x86_64-w64-mingw32\10.2.0\libstdc++.a(codecvt.o): duplicate section `.rdata$_ZTSNSt6locale5facetE[_ZTSNSt6locale5facetE]' has different size
C:\OPENMO~1\tools\msys\mingw64\lib\gcc\x86_64-w64-mingw32\10.2.0\libstdc++.a(stdexcept.o): duplicate section `.rdata$_ZTSSt9exception[_ZTSSt9exception]' has different size
C:\OPENMO~1\tools\msys\mingw64\lib\gcc\x86_64-w64-mingw32\10.2.0\libstdc++.a(stdexcept.o): duplicate section `.rdata$_ZTSSt13runtime_error[_ZTSSt13runtime_error]' has different size
C:\OPENMO~1\tools\msys\mingw64\lib\gcc\x86_64-w64-mingw32\10.2.0\libstdc++.a(stdexcept.o): duplicate section `.rdata$_ZTISt13runtime_error[_ZTISt13runtime_error]' has different size
C:\OPENMO~1\tools\msys\mingw64\lib\gcc\x86_64-w64-mingw32\10.2.0\libstdc++.a(cxx11-ios_failure.o): duplicate section `.rdata$_ZTSSt9exception[_ZTSSt9exception]' has different size
C:\OPENMO~1\tools\msys\mingw64\lib\gcc\x86_64-w64-mingw32\10.2.0\libstdc++.a(cxx11-ios_failure.o): duplicate section `.rdata$_ZTSSt13runtime_error[_ZTSSt13runtime_error]' has different size
C:\OPENMO~1\tools\msys\mingw64\lib\gcc\x86_64-w64-mingw32\10.2.0\libstdc++.a(cxx11-ios_failure.o): duplicate section `.rdata$_ZTISt13runtime_error[_ZTISt13runtime_error]' has different size
C:\OPENMO~1\tools\msys\mingw64\lib\gcc\x86_64-w64-mingw32\10.2.0\libstdc++.a(system_error.o): duplicate section `.rdata$_ZTSSt9exception[_ZTSSt9exception]' has different size
C:\OPENMO~1\tools\msys\mingw64\lib\gcc\x86_64-w64-mingw32\10.2.0\libstdc++.a(system_error.o): duplicate section `.rdata$_ZTSSt13runtime_error[_ZTSSt13runtime_error]' has different size
C:\OPENMO~1\tools\msys\mingw64\lib\gcc\x86_64-w64-mingw32\10.2.0\libstdc++.a(system_error.o): duplicate section `.rdata$_ZTISt13runtime_error[_ZTISt13runtime_error]' has different size
C:\OPENMO~1\tools\msys\mingw64\lib\gcc\x86_64-w64-mingw32\10.2.0\libstdc++.a(ios_failure.o): duplicate section `.rdata$_ZTSSt9exception[_ZTSSt9exception]' has different size
mingw32-make: Leaving directory 'C:/Users/TRISTA~1/DOCUME~1/GitHub/OMPython/OMPython'
RESULT: 0 
